[32m2022-01-12 21:27:33[0m - dagster - [34mDEBUG[0m - dagster_pipeline_sensor - 720d37c2-f6d8-40d7-82d4-58a37beb9c20 - 109235 - local_dump_data - LOGS_CAPTURED - Started capturing logs for solid: local_dump_data.
[32m2022-01-12 21:27:33[0m - dagster - [34mDEBUG[0m - dagster_pipeline_sensor - 720d37c2-f6d8-40d7-82d4-58a37beb9c20 - 109235 - local_dump_data - STEP_START - Started execution of step "local_dump_data".
[32m2022-01-12 21:27:33[0m - dagster - [34mDEBUG[0m - dagster_pipeline_sensor - 720d37c2-f6d8-40d7-82d4-58a37beb9c20 - local_dump_data - Loading file from: /home/heiko/Repos/dagster_azurite/tmp5cyupl2r/storage/720d37c2-f6d8-40d7-82d4-58a37beb9c20/sensor_op/result
[32m2022-01-12 21:27:33[0m - dagster - [34mDEBUG[0m - dagster_pipeline_sensor - 720d37c2-f6d8-40d7-82d4-58a37beb9c20 - 109235 - local_dump_data - LOADED_INPUT - Loaded input "data" using input manager "io_manager", from output "result" of step "sensor_op"
[32m2022-01-12 21:27:33[0m - dagster - [34mDEBUG[0m - dagster_pipeline_sensor - 720d37c2-f6d8-40d7-82d4-58a37beb9c20 - local_dump_data - Loading file from: /home/heiko/Repos/dagster_azurite/tmp5cyupl2r/storage/720d37c2-f6d8-40d7-82d4-58a37beb9c20/local_name_string/result
[32m2022-01-12 21:27:33[0m - dagster - [34mDEBUG[0m - dagster_pipeline_sensor - 720d37c2-f6d8-40d7-82d4-58a37beb9c20 - 109235 - local_dump_data - LOADED_INPUT - Loaded input "path" using input manager "io_manager", from output "result" of step "local_name_string"
[32m2022-01-12 21:27:33[0m - dagster - [34mDEBUG[0m - dagster_pipeline_sensor - 720d37c2-f6d8-40d7-82d4-58a37beb9c20 - 109235 - local_dump_data - STEP_INPUT - Got input "data" of type "Any". (Type check passed).
[32m2022-01-12 21:27:33[0m - dagster - [34mDEBUG[0m - dagster_pipeline_sensor - 720d37c2-f6d8-40d7-82d4-58a37beb9c20 - 109235 - local_dump_data - STEP_INPUT - Got input "path" of type "Any". (Type check passed).
[32m2022-01-12 21:27:33[0m - dagster - [34mINFO[0m - dagster_pipeline_sensor - 720d37c2-f6d8-40d7-82d4-58a37beb9c20 - local_dump_data - Successful dump data locally
[32m2022-01-12 21:27:33[0m - dagster - [34mINFO[0m - dagster_pipeline_sensor - 720d37c2-f6d8-40d7-82d4-58a37beb9c20 - local_dump_data - path: ./sampledata_folder/sampledata.csv
[32m2022-01-12 21:27:34[0m - dagster - [34mINFO[0m - dagster_pipeline_sensor - 720d37c2-f6d8-40d7-82d4-58a37beb9c20 - local_dump_data - data:    Unnamed: 0  test  data
0           0     0     1
1           1     1     3
2           2     2     5
3           3     3     7
4           4     4     9
5           5     5    11
6           6     6    12
7           7     7    13
8           8     8    14
[32m2022-01-12 21:27:34[0m - dagster - [34mDEBUG[0m - dagster_pipeline_sensor - 720d37c2-f6d8-40d7-82d4-58a37beb9c20 - 109235 - local_dump_data - STEP_OUTPUT - Yielded output "result" of type "Any". (Type check passed).
[32m2022-01-12 21:27:34[0m - dagster - [34mDEBUG[0m - dagster_pipeline_sensor - 720d37c2-f6d8-40d7-82d4-58a37beb9c20 - local_dump_data - Writing file at: /home/heiko/Repos/dagster_azurite/tmp5cyupl2r/storage/720d37c2-f6d8-40d7-82d4-58a37beb9c20/local_dump_data/result
[32m2022-01-12 21:27:34[0m - dagster - [34mDEBUG[0m - dagster_pipeline_sensor - 720d37c2-f6d8-40d7-82d4-58a37beb9c20 - 109235 - local_dump_data - HANDLED_OUTPUT - Handled output "result" using IO manager "io_manager"
[32m2022-01-12 21:27:34[0m - dagster - [34mDEBUG[0m - dagster_pipeline_sensor - 720d37c2-f6d8-40d7-82d4-58a37beb9c20 - 109235 - local_dump_data - STEP_SUCCESS - Finished execution of step "local_dump_data" in 254ms.
