[32m2022-01-12 21:27:30[0m - dagster - [34mDEBUG[0m - dagster_pipeline_sensor - 720d37c2-f6d8-40d7-82d4-58a37beb9c20 - 109162 - sensor_op - LOGS_CAPTURED - Started capturing logs for solid: sensor_op.
[32m2022-01-12 21:27:30[0m - dagster - [34mDEBUG[0m - dagster_pipeline_sensor - 720d37c2-f6d8-40d7-82d4-58a37beb9c20 - 109162 - sensor_op - STEP_START - Started execution of step "sensor_op".
[32m2022-01-12 21:27:30[0m - dagster - [34mDEBUG[0m - dagster_pipeline_sensor - 720d37c2-f6d8-40d7-82d4-58a37beb9c20 - sensor_op - Loading file from: /home/heiko/Repos/dagster_azurite/tmp5cyupl2r/storage/720d37c2-f6d8-40d7-82d4-58a37beb9c20/call_local_data/result
[32m2022-01-12 21:27:30[0m - dagster - [34mDEBUG[0m - dagster_pipeline_sensor - 720d37c2-f6d8-40d7-82d4-58a37beb9c20 - 109162 - sensor_op - LOADED_INPUT - Loaded input "data" using input manager "io_manager", from output "result" of step "call_local_data"
[32m2022-01-12 21:27:30[0m - dagster - [34mDEBUG[0m - dagster_pipeline_sensor - 720d37c2-f6d8-40d7-82d4-58a37beb9c20 - 109162 - sensor_op - STEP_INPUT - Got input "data" of type "Any". (Type check passed).
[32m2022-01-12 21:27:30[0m - dagster - [34mINFO[0m - dagster_pipeline_sensor - 720d37c2-f6d8-40d7-82d4-58a37beb9c20 - sensor_op - data:    Unnamed: 0  test  data
0           0     0     1
1           1     1     3
2           2     2     5
3           3     3     7
4           4     4     9
5           5     5    11
6           6     6    12
7           7     7    13
[32m2022-01-12 21:27:30[0m - dagster - [34mINFO[0m - dagster_pipeline_sensor - 720d37c2-f6d8-40d7-82d4-58a37beb9c20 - sensor_op - new df:    Unnamed: 0  test  data
0           0     0     1
1           1     1     3
2           2     2     5
3           3     3     7
4           4     4     9
5           5     5    11
6           6     6    12
7           7     7    13
8           8     8    14
[32m2022-01-12 21:27:30[0m - dagster - [34mDEBUG[0m - dagster_pipeline_sensor - 720d37c2-f6d8-40d7-82d4-58a37beb9c20 - 109162 - sensor_op - STEP_OUTPUT - Yielded output "result" of type "Any". (Type check passed).
[32m2022-01-12 21:27:30[0m - dagster - [34mDEBUG[0m - dagster_pipeline_sensor - 720d37c2-f6d8-40d7-82d4-58a37beb9c20 - sensor_op - Writing file at: /home/heiko/Repos/dagster_azurite/tmp5cyupl2r/storage/720d37c2-f6d8-40d7-82d4-58a37beb9c20/sensor_op/result
[32m2022-01-12 21:27:30[0m - dagster - [34mDEBUG[0m - dagster_pipeline_sensor - 720d37c2-f6d8-40d7-82d4-58a37beb9c20 - 109162 - sensor_op - HANDLED_OUTPUT - Handled output "result" using IO manager "io_manager"
[32m2022-01-12 21:27:31[0m - dagster - [34mDEBUG[0m - dagster_pipeline_sensor - 720d37c2-f6d8-40d7-82d4-58a37beb9c20 - 109162 - sensor_op - STEP_SUCCESS - Finished execution of step "sensor_op" in 126ms.
