[32m2022-01-12 21:28:18[0m - dagster - [34mDEBUG[0m - dagster_pipeline_sensor - 46e44942-b059-482a-825a-0feb97f5460c - 109709 - call_local_data - LOGS_CAPTURED - Started capturing logs for solid: call_local_data.
[32m2022-01-12 21:28:18[0m - dagster - [34mDEBUG[0m - dagster_pipeline_sensor - 46e44942-b059-482a-825a-0feb97f5460c - 109709 - call_local_data - STEP_START - Started execution of step "call_local_data".
[32m2022-01-12 21:28:18[0m - dagster - [34mDEBUG[0m - dagster_pipeline_sensor - 46e44942-b059-482a-825a-0feb97f5460c - call_local_data - Loading file from: /home/heiko/Repos/dagster_azurite/tmp5cyupl2r/storage/46e44942-b059-482a-825a-0feb97f5460c/local_name_string/result
[32m2022-01-12 21:28:18[0m - dagster - [34mDEBUG[0m - dagster_pipeline_sensor - 46e44942-b059-482a-825a-0feb97f5460c - 109709 - call_local_data - LOADED_INPUT - Loaded input "path" using input manager "io_manager", from output "result" of step "local_name_string"
[32m2022-01-12 21:28:18[0m - dagster - [34mDEBUG[0m - dagster_pipeline_sensor - 46e44942-b059-482a-825a-0feb97f5460c - 109709 - call_local_data - STEP_INPUT - Got input "path" of type "Any". (Type check passed).
[32m2022-01-12 21:28:18[0m - dagster - [34mINFO[0m - dagster_pipeline_sensor - 46e44942-b059-482a-825a-0feb97f5460c - call_local_data - path: ./sampledata_folder/sampledata.csv
[32m2022-01-12 21:28:18[0m - dagster - [34mINFO[0m - dagster_pipeline_sensor - 46e44942-b059-482a-825a-0feb97f5460c - call_local_data - data:    Unnamed: 0  Unnamed: 0.1  test  data
0           0             0     0     1
1           1             1     1     3
2           2             2     2     5
3           3             3     3     7
4           4             4     4     9
5           5             5     5    11
6           6             6     6    12
7           7             7     7    13
8           8             8     8    14
[32m2022-01-12 21:28:18[0m - dagster - [34mDEBUG[0m - dagster_pipeline_sensor - 46e44942-b059-482a-825a-0feb97f5460c - 109709 - call_local_data - STEP_OUTPUT - Yielded output "result" of type "Any". (Type check passed).
[32m2022-01-12 21:28:18[0m - dagster - [34mDEBUG[0m - dagster_pipeline_sensor - 46e44942-b059-482a-825a-0feb97f5460c - call_local_data - Writing file at: /home/heiko/Repos/dagster_azurite/tmp5cyupl2r/storage/46e44942-b059-482a-825a-0feb97f5460c/call_local_data/result
[32m2022-01-12 21:28:18[0m - dagster - [34mDEBUG[0m - dagster_pipeline_sensor - 46e44942-b059-482a-825a-0feb97f5460c - 109709 - call_local_data - HANDLED_OUTPUT - Handled output "result" using IO manager "io_manager"
[32m2022-01-12 21:28:18[0m - dagster - [34mDEBUG[0m - dagster_pipeline_sensor - 46e44942-b059-482a-825a-0feb97f5460c - 109709 - call_local_data - STEP_SUCCESS - Finished execution of step "call_local_data" in 140ms.
