[32m2022-01-16 15:25:42[0m - dagster - [34mDEBUG[0m - flight_data_to_blob - 1f11b93d-5e33-4c6e-b180-09b7af435b99 - 63966 - upload_data_to_blob - LOGS_CAPTURED - Started capturing logs for solid: upload_data_to_blob.
[32m2022-01-16 15:25:42[0m - dagster - [34mDEBUG[0m - flight_data_to_blob - 1f11b93d-5e33-4c6e-b180-09b7af435b99 - 63966 - upload_data_to_blob - STEP_START - Started execution of step "upload_data_to_blob".
[32m2022-01-16 15:25:42[0m - dagster - [34mDEBUG[0m - flight_data_to_blob - 1f11b93d-5e33-4c6e-b180-09b7af435b99 - upload_data_to_blob - Loading file from: /home/heiko/Repos/dagster_azurite/.dagster/storage/1f11b93d-5e33-4c6e-b180-09b7af435b99/split_flightdata/result
[32m2022-01-16 15:25:42[0m - dagster - [34mDEBUG[0m - flight_data_to_blob - 1f11b93d-5e33-4c6e-b180-09b7af435b99 - 63966 - upload_data_to_blob - LOADED_INPUT - Loaded input "data" using input manager "io_manager", from output "result" of step "split_flightdata"
[32m2022-01-16 15:25:42[0m - dagster - [34mDEBUG[0m - flight_data_to_blob - 1f11b93d-5e33-4c6e-b180-09b7af435b99 - upload_data_to_blob - Loading file from: /home/heiko/Repos/dagster_azurite/.dagster/storage/1f11b93d-5e33-4c6e-b180-09b7af435b99/container_name/result
[32m2022-01-16 15:25:42[0m - dagster - [34mDEBUG[0m - flight_data_to_blob - 1f11b93d-5e33-4c6e-b180-09b7af435b99 - 63966 - upload_data_to_blob - LOADED_INPUT - Loaded input "container_name" using input manager "io_manager", from output "result" of step "container_name"
[32m2022-01-16 15:25:42[0m - dagster - [34mDEBUG[0m - flight_data_to_blob - 1f11b93d-5e33-4c6e-b180-09b7af435b99 - upload_data_to_blob - Loading file from: /home/heiko/Repos/dagster_azurite/.dagster/storage/1f11b93d-5e33-4c6e-b180-09b7af435b99/sub_container_name/result
[32m2022-01-16 15:25:42[0m - dagster - [34mDEBUG[0m - flight_data_to_blob - 1f11b93d-5e33-4c6e-b180-09b7af435b99 - 63966 - upload_data_to_blob - LOADED_INPUT - Loaded input "subcontainer" using input manager "io_manager", from output "result" of step "sub_container_name"
[32m2022-01-16 15:25:42[0m - dagster - [34mDEBUG[0m - flight_data_to_blob - 1f11b93d-5e33-4c6e-b180-09b7af435b99 - upload_data_to_blob - Loading file from: /home/heiko/Repos/dagster_azurite/.dagster/storage/1f11b93d-5e33-4c6e-b180-09b7af435b99/str_number/result
[32m2022-01-16 15:25:42[0m - dagster - [34mDEBUG[0m - flight_data_to_blob - 1f11b93d-5e33-4c6e-b180-09b7af435b99 - 63966 - upload_data_to_blob - LOADED_INPUT - Loaded input "filename" using input manager "io_manager", from output "result" of step "str_number"
[32m2022-01-16 15:25:42[0m - dagster - [34mDEBUG[0m - flight_data_to_blob - 1f11b93d-5e33-4c6e-b180-09b7af435b99 - upload_data_to_blob - Loading file from: /home/heiko/Repos/dagster_azurite/.dagster/storage/1f11b93d-5e33-4c6e-b180-09b7af435b99/filetype_parquet/result
[32m2022-01-16 15:25:42[0m - dagster - [34mDEBUG[0m - flight_data_to_blob - 1f11b93d-5e33-4c6e-b180-09b7af435b99 - 63966 - upload_data_to_blob - LOADED_INPUT - Loaded input "filetype" using input manager "io_manager", from output "result" of step "filetype_parquet"
[32m2022-01-16 15:25:42[0m - dagster - [34mDEBUG[0m - flight_data_to_blob - 1f11b93d-5e33-4c6e-b180-09b7af435b99 - 63966 - upload_data_to_blob - STEP_INPUT - Got input "data" of type "Any". (Type check passed).
[32m2022-01-16 15:25:42[0m - dagster - [34mDEBUG[0m - flight_data_to_blob - 1f11b93d-5e33-4c6e-b180-09b7af435b99 - 63966 - upload_data_to_blob - STEP_INPUT - Got input "container_name" of type "Any". (Type check passed).
[32m2022-01-16 15:25:42[0m - dagster - [34mDEBUG[0m - flight_data_to_blob - 1f11b93d-5e33-4c6e-b180-09b7af435b99 - 63966 - upload_data_to_blob - STEP_INPUT - Got input "subcontainer" of type "Any". (Type check passed).
[32m2022-01-16 15:25:42[0m - dagster - [34mDEBUG[0m - flight_data_to_blob - 1f11b93d-5e33-4c6e-b180-09b7af435b99 - 63966 - upload_data_to_blob - STEP_INPUT - Got input "filename" of type "Any". (Type check passed).
[32m2022-01-16 15:25:42[0m - dagster - [34mDEBUG[0m - flight_data_to_blob - 1f11b93d-5e33-4c6e-b180-09b7af435b99 - 63966 - upload_data_to_blob - STEP_INPUT - Got input "filetype" of type "Any". (Type check passed).
[32m2022-01-16 15:25:42[0m - dagster - [34mINFO[0m - flight_data_to_blob - 1f11b93d-5e33-4c6e-b180-09b7af435b99 - upload_data_to_blob - successfully intermediate save ./data/flights/10.parquet
[32m2022-01-16 15:25:42[0m - dagster - [34mINFO[0m - flight_data_to_blob - 1f11b93d-5e33-4c6e-b180-09b7af435b99 - upload_data_to_blob - successfully written 10 into blob
[32m2022-01-16 15:25:42[0m - dagster - [34mDEBUG[0m - flight_data_to_blob - 1f11b93d-5e33-4c6e-b180-09b7af435b99 - 63966 - upload_data_to_blob - STEP_OUTPUT - Yielded output "result" of type "Any". (Type check passed).
[32m2022-01-16 15:25:42[0m - dagster - [34mDEBUG[0m - flight_data_to_blob - 1f11b93d-5e33-4c6e-b180-09b7af435b99 - upload_data_to_blob - Writing file at: /home/heiko/Repos/dagster_azurite/.dagster/storage/1f11b93d-5e33-4c6e-b180-09b7af435b99/upload_data_to_blob/result
[32m2022-01-16 15:25:42[0m - dagster - [34mDEBUG[0m - flight_data_to_blob - 1f11b93d-5e33-4c6e-b180-09b7af435b99 - 63966 - upload_data_to_blob - HANDLED_OUTPUT - Handled output "result" using IO manager "io_manager"
[32m2022-01-16 15:25:42[0m - dagster - [34mDEBUG[0m - flight_data_to_blob - 1f11b93d-5e33-4c6e-b180-09b7af435b99 - 63966 - upload_data_to_blob - STEP_SUCCESS - Finished execution of step "upload_data_to_blob" in 163ms.
