[32m2022-01-12 21:20:05[0m - dagster - [34mDEBUG[0m - data_blob_to_blob - d32b0696-e90f-48c6-a4bb-e3a78d1e1fc9 - 105260 - load_csv_from_blob - LOGS_CAPTURED - Started capturing logs for solid: load_csv_from_blob.
[32m2022-01-12 21:20:05[0m - dagster - [34mDEBUG[0m - data_blob_to_blob - d32b0696-e90f-48c6-a4bb-e3a78d1e1fc9 - 105260 - load_csv_from_blob - STEP_START - Started execution of step "load_csv_from_blob".
[32m2022-01-12 21:20:05[0m - dagster - [34mDEBUG[0m - data_blob_to_blob - d32b0696-e90f-48c6-a4bb-e3a78d1e1fc9 - load_csv_from_blob - Loading file from: /home/heiko/Repos/dagster_azurite/tmp5cyupl2r/storage/d32b0696-e90f-48c6-a4bb-e3a78d1e1fc9/container_name/result
[32m2022-01-12 21:20:05[0m - dagster - [34mDEBUG[0m - data_blob_to_blob - d32b0696-e90f-48c6-a4bb-e3a78d1e1fc9 - 105260 - load_csv_from_blob - LOADED_INPUT - Loaded input "container_name" using input manager "io_manager", from output "result" of step "container_name"
[32m2022-01-12 21:20:05[0m - dagster - [34mDEBUG[0m - data_blob_to_blob - d32b0696-e90f-48c6-a4bb-e3a78d1e1fc9 - load_csv_from_blob - Loading file from: /home/heiko/Repos/dagster_azurite/tmp5cyupl2r/storage/d32b0696-e90f-48c6-a4bb-e3a78d1e1fc9/blob_name_string/result
[32m2022-01-12 21:20:05[0m - dagster - [34mDEBUG[0m - data_blob_to_blob - d32b0696-e90f-48c6-a4bb-e3a78d1e1fc9 - 105260 - load_csv_from_blob - LOADED_INPUT - Loaded input "filename" using input manager "io_manager", from output "result" of step "blob_name_string"
[32m2022-01-12 21:20:05[0m - dagster - [34mDEBUG[0m - data_blob_to_blob - d32b0696-e90f-48c6-a4bb-e3a78d1e1fc9 - 105260 - load_csv_from_blob - STEP_INPUT - Got input "container_name" of type "Any". (Type check passed).
[32m2022-01-12 21:20:05[0m - dagster - [34mDEBUG[0m - data_blob_to_blob - d32b0696-e90f-48c6-a4bb-e3a78d1e1fc9 - 105260 - load_csv_from_blob - STEP_INPUT - Got input "filename" of type "Any". (Type check passed).
[32m2022-01-12 21:20:05[0m - dagster - [34mINFO[0m - data_blob_to_blob - d32b0696-e90f-48c6-a4bb-e3a78d1e1fc9 - load_csv_from_blob - Init load csv from blob
[32m2022-01-12 21:20:05[0m - dagster - [34mINFO[0m - data_blob_to_blob - d32b0696-e90f-48c6-a4bb-e3a78d1e1fc9 - load_csv_from_blob - Successfully initiated client
[32m2022-01-12 21:20:05[0m - dagster - [34mINFO[0m - data_blob_to_blob - d32b0696-e90f-48c6-a4bb-e3a78d1e1fc9 - load_csv_from_blob - Successfully checked dir: sampledata_folder
[32m2022-01-12 21:20:05[0m - dagster - [34mINFO[0m - data_blob_to_blob - d32b0696-e90f-48c6-a4bb-e3a78d1e1fc9 - load_csv_from_blob - Check folder: ['data_pipeline', '.gitignore', 'Dockerfile_user_code', '.dagster', 'workspace.yaml', 'tmp5cyupl2r', '.git', 'How_to_start.md', 'README.md', 'pyproject.toml', 'dagster.yaml', 'poetry.lock', 'Dockerfile_dagster', 'repo.py', 'data', 'repository.py', 'sampledata_folder', 'poetry.toml', '.venv', '.env', 'experimental', 'backup_originals_docker', 'docker-compose.yml', 'assets', '__pycache__']
[32m2022-01-12 21:20:05[0m - dagster - [34mINFO[0m - data_blob_to_blob - d32b0696-e90f-48c6-a4bb-e3a78d1e1fc9 - load_csv_from_blob - Successfully checked container_name: azuriteblob
[32m2022-01-12 21:20:05[0m - dagster - [34mINFO[0m - data_blob_to_blob - d32b0696-e90f-48c6-a4bb-e3a78d1e1fc9 - load_csv_from_blob - Successfully checked filename: sampledata_folder/sampledata.csv
[32m2022-01-12 21:20:05[0m - dagster - [34mINFO[0m - data_blob_to_blob - d32b0696-e90f-48c6-a4bb-e3a78d1e1fc9 - load_csv_from_blob - Successfully saved downloaded file
[32m2022-01-12 21:20:05[0m - dagster - [34mINFO[0m - data_blob_to_blob - d32b0696-e90f-48c6-a4bb-e3a78d1e1fc9 - load_csv_from_blob - Successful loaded file: sampledata_folder/sampledata.csv
[32m2022-01-12 21:20:05[0m - dagster - [34mDEBUG[0m - data_blob_to_blob - d32b0696-e90f-48c6-a4bb-e3a78d1e1fc9 - 105260 - load_csv_from_blob - STEP_OUTPUT - Yielded output "result" of type "Any". (Type check passed).
[32m2022-01-12 21:20:05[0m - dagster - [34mDEBUG[0m - data_blob_to_blob - d32b0696-e90f-48c6-a4bb-e3a78d1e1fc9 - load_csv_from_blob - Writing file at: /home/heiko/Repos/dagster_azurite/tmp5cyupl2r/storage/d32b0696-e90f-48c6-a4bb-e3a78d1e1fc9/load_csv_from_blob/result
[32m2022-01-12 21:20:05[0m - dagster - [34mDEBUG[0m - data_blob_to_blob - d32b0696-e90f-48c6-a4bb-e3a78d1e1fc9 - 105260 - load_csv_from_blob - HANDLED_OUTPUT - Handled output "result" using IO manager "io_manager"
[32m2022-01-12 21:20:05[0m - dagster - [34mDEBUG[0m - data_blob_to_blob - d32b0696-e90f-48c6-a4bb-e3a78d1e1fc9 - 105260 - load_csv_from_blob - STEP_SUCCESS - Finished execution of step "load_csv_from_blob" in 419ms.
