[32m2022-01-16 15:20:11[0m - dagster - [34mDEBUG[0m - flight_data_to_blob - a3122d78-a7a8-4188-a0f6-7f48f5cd795d - 58454 - upload_data_to_blob - LOGS_CAPTURED - Started capturing logs for solid: upload_data_to_blob.
[32m2022-01-16 15:20:11[0m - dagster - [34mDEBUG[0m - flight_data_to_blob - a3122d78-a7a8-4188-a0f6-7f48f5cd795d - 58454 - upload_data_to_blob - STEP_START - Started execution of step "upload_data_to_blob".
[32m2022-01-16 15:20:11[0m - dagster - [34mDEBUG[0m - flight_data_to_blob - a3122d78-a7a8-4188-a0f6-7f48f5cd795d - upload_data_to_blob - Loading file from: /home/heiko/Repos/dagster_azurite/.dagster/storage/a3122d78-a7a8-4188-a0f6-7f48f5cd795d/split_flightdata/result
[32m2022-01-16 15:20:11[0m - dagster - [34mDEBUG[0m - flight_data_to_blob - a3122d78-a7a8-4188-a0f6-7f48f5cd795d - 58454 - upload_data_to_blob - LOADED_INPUT - Loaded input "data" using input manager "io_manager", from output "result" of step "split_flightdata"
[32m2022-01-16 15:20:11[0m - dagster - [34mDEBUG[0m - flight_data_to_blob - a3122d78-a7a8-4188-a0f6-7f48f5cd795d - upload_data_to_blob - Loading file from: /home/heiko/Repos/dagster_azurite/.dagster/storage/a3122d78-a7a8-4188-a0f6-7f48f5cd795d/container_name/result
[32m2022-01-16 15:20:11[0m - dagster - [34mDEBUG[0m - flight_data_to_blob - a3122d78-a7a8-4188-a0f6-7f48f5cd795d - 58454 - upload_data_to_blob - LOADED_INPUT - Loaded input "container_name" using input manager "io_manager", from output "result" of step "container_name"
[32m2022-01-16 15:20:11[0m - dagster - [34mDEBUG[0m - flight_data_to_blob - a3122d78-a7a8-4188-a0f6-7f48f5cd795d - upload_data_to_blob - Loading file from: /home/heiko/Repos/dagster_azurite/.dagster/storage/a3122d78-a7a8-4188-a0f6-7f48f5cd795d/sub_container_name/result
[32m2022-01-16 15:20:11[0m - dagster - [34mDEBUG[0m - flight_data_to_blob - a3122d78-a7a8-4188-a0f6-7f48f5cd795d - 58454 - upload_data_to_blob - LOADED_INPUT - Loaded input "subcontainer" using input manager "io_manager", from output "result" of step "sub_container_name"
[32m2022-01-16 15:20:11[0m - dagster - [34mDEBUG[0m - flight_data_to_blob - a3122d78-a7a8-4188-a0f6-7f48f5cd795d - upload_data_to_blob - Loading file from: /home/heiko/Repos/dagster_azurite/.dagster/storage/a3122d78-a7a8-4188-a0f6-7f48f5cd795d/str_number/result
[32m2022-01-16 15:20:11[0m - dagster - [34mDEBUG[0m - flight_data_to_blob - a3122d78-a7a8-4188-a0f6-7f48f5cd795d - 58454 - upload_data_to_blob - LOADED_INPUT - Loaded input "filename" using input manager "io_manager", from output "result" of step "str_number"
[32m2022-01-16 15:20:11[0m - dagster - [34mDEBUG[0m - flight_data_to_blob - a3122d78-a7a8-4188-a0f6-7f48f5cd795d - upload_data_to_blob - Loading file from: /home/heiko/Repos/dagster_azurite/.dagster/storage/a3122d78-a7a8-4188-a0f6-7f48f5cd795d/filetype_parquet/result
[32m2022-01-16 15:20:11[0m - dagster - [34mDEBUG[0m - flight_data_to_blob - a3122d78-a7a8-4188-a0f6-7f48f5cd795d - 58454 - upload_data_to_blob - LOADED_INPUT - Loaded input "filetype" using input manager "io_manager", from output "result" of step "filetype_parquet"
[32m2022-01-16 15:20:11[0m - dagster - [34mDEBUG[0m - flight_data_to_blob - a3122d78-a7a8-4188-a0f6-7f48f5cd795d - 58454 - upload_data_to_blob - STEP_INPUT - Got input "data" of type "Any". (Type check passed).
[32m2022-01-16 15:20:11[0m - dagster - [34mDEBUG[0m - flight_data_to_blob - a3122d78-a7a8-4188-a0f6-7f48f5cd795d - 58454 - upload_data_to_blob - STEP_INPUT - Got input "container_name" of type "Any". (Type check passed).
[32m2022-01-16 15:20:11[0m - dagster - [34mDEBUG[0m - flight_data_to_blob - a3122d78-a7a8-4188-a0f6-7f48f5cd795d - 58454 - upload_data_to_blob - STEP_INPUT - Got input "subcontainer" of type "Any". (Type check passed).
[32m2022-01-16 15:20:11[0m - dagster - [34mDEBUG[0m - flight_data_to_blob - a3122d78-a7a8-4188-a0f6-7f48f5cd795d - 58454 - upload_data_to_blob - STEP_INPUT - Got input "filename" of type "Any". (Type check passed).
[32m2022-01-16 15:20:11[0m - dagster - [34mDEBUG[0m - flight_data_to_blob - a3122d78-a7a8-4188-a0f6-7f48f5cd795d - 58454 - upload_data_to_blob - STEP_INPUT - Got input "filetype" of type "Any". (Type check passed).
[32m2022-01-16 15:20:11[0m - dagster - [34mINFO[0m - flight_data_to_blob - a3122d78-a7a8-4188-a0f6-7f48f5cd795d - upload_data_to_blob - successfully intermediate save ./data/flights/5.parquet
[32m2022-01-16 15:20:11[0m - dagster - [34mINFO[0m - flight_data_to_blob - a3122d78-a7a8-4188-a0f6-7f48f5cd795d - upload_data_to_blob - successfully written 5 into blob
[32m2022-01-16 15:20:11[0m - dagster - [34mDEBUG[0m - flight_data_to_blob - a3122d78-a7a8-4188-a0f6-7f48f5cd795d - 58454 - upload_data_to_blob - STEP_OUTPUT - Yielded output "result" of type "Any". (Type check passed).
[32m2022-01-16 15:20:11[0m - dagster - [34mDEBUG[0m - flight_data_to_blob - a3122d78-a7a8-4188-a0f6-7f48f5cd795d - upload_data_to_blob - Writing file at: /home/heiko/Repos/dagster_azurite/.dagster/storage/a3122d78-a7a8-4188-a0f6-7f48f5cd795d/upload_data_to_blob/result
[32m2022-01-16 15:20:11[0m - dagster - [34mDEBUG[0m - flight_data_to_blob - a3122d78-a7a8-4188-a0f6-7f48f5cd795d - 58454 - upload_data_to_blob - HANDLED_OUTPUT - Handled output "result" using IO manager "io_manager"
[32m2022-01-16 15:20:11[0m - dagster - [34mDEBUG[0m - flight_data_to_blob - a3122d78-a7a8-4188-a0f6-7f48f5cd795d - 58454 - upload_data_to_blob - STEP_SUCCESS - Finished execution of step "upload_data_to_blob" in 131ms.
